[debug] [2026-03-04T18:44:04.011Z] ----------------------------------------------------------------------
[debug] [2026-03-04T18:44:04.014Z] Command:       /usr/local/Cellar/node/25.2.1/bin/node /usr/local/bin/firebase init
[debug] [2026-03-04T18:44:04.015Z] CLI Version:   15.8.0
[debug] [2026-03-04T18:44:04.015Z] Platform:      darwin
[debug] [2026-03-04T18:44:04.015Z] Node Version:  v25.2.1
[debug] [2026-03-04T18:44:04.015Z] Time:          Thu Mar 05 2026 00:14:04 GMT+0530 (India Standard Time)
[debug] [2026-03-04T18:44:04.015Z] ----------------------------------------------------------------------
[debug] 
[info] 
     ######## #### ########  ######## ########     ###     ######  ########
     ##        ##  ##     ## ##       ##     ##  ##   ##  ##       ##
     ######    ##  ########  ######   ########  #########  ######  ######
     ##        ##  ##    ##  ##       ##     ## ##     ##       ## ##
     ##       #### ##     ## ######## ########  ##     ##  ######  ########

You're about to initialize a Firebase project in this directory:

  /Users/herambkataru/Documents/UNI/Projects/portfolio-website

Before we get started, keep in mind:

  * You are initializing within an existing Firebase project directory

[debug] [2026-03-04T18:44:06.237Z] ExitPromptError: User force closed the prompt with SIGINT
    at Interface.sigint (/usr/local/lib/node_modules/firebase-tools/node_modules/@inquirer/core/dist/commonjs/lib/create-prompt.js:101:37)
    at Interface.emit (node:events:508:28)
    at [_ttyWrite] [as _ttyWrite] (node:internal/readline/interface:1327:18)
    at ReadStream.onkeypress (node:internal/readline/interface:284:20)
    at ReadStream.emit (node:events:520:35)
    at emitKeys (node:internal/readline/utils:371:14)
    at emitKeys.next (<anonymous>)
    at ReadStream.onData (node:internal/readline/emitKeypressEvents:64:36)
    at ReadStream.emit (node:events:508:28)
    at addChunk (node:internal/streams/readable:559:12)
[error] 
[error] Error: An unexpected error has occurred.
